[debug] [2021-01-29T16:44:21.906Z] ----------------------------------------------------------------------
[debug] [2021-01-29T16:44:21.909Z] Command:       C:\Program Files\nodejs\node.exe C:\Users\g_seryong12\AppData\Roaming\npm\node_modules\firebase-tools\lib\bin\firebase.js init [messenger-clone]
[debug] [2021-01-29T16:44:21.909Z] CLI Version:   9.2.2
[debug] [2021-01-29T16:44:21.909Z] Platform:      win32
[debug] [2021-01-29T16:44:21.909Z] Node Version:  v10.16.3
[debug] [2021-01-29T16:44:21.911Z] Time:          Sat Jan 30 2021 01:44:21 GMT+0900 (GMT+09:00)
[debug] [2021-01-29T16:44:21.911Z] ----------------------------------------------------------------------
[debug] [2021-01-29T16:44:21.911Z] 
[debug] [2021-01-29T16:44:21.919Z] > command requires scopes: ["email","openid","https://www.googleapis.com/auth/cloudplatformprojects.readonly","https://www.googleapis.com/auth/firebase","https://www.googleapis.com/auth/cloud-platform"]
[debug] [2021-01-29T16:44:21.919Z] > authorizing via signed-in user
[info] 
     ######## #### ########  ######## ########     ###     ######  ########
     ##        ##  ##     ## ##       ##     ##  ##   ##  ##       ##
     ######    ##  ########  ######   ########  #########  ######  ######
     ##        ##  ##    ##  ##       ##     ## ##     ##       ## ##
     ##       #### ##     ## ######## ########  ##     ##  ######  ########

You're about to initialize a Firebase project in this directory:

  C:\Users\g_seryong12\Desktop\practice\messenger-clone

[info] 
=== Project Setup
[info] 
[info] First, let's associate this project directory with a Firebase project.
[info] You can create multiple project aliases by running firebase use --add, 
[info] but for now we'll just set up a default project.
[info] 
[debug] [2021-01-29T16:44:26.242Z] >>> [apiv2][query] GET https://firebase.googleapis.com/v1beta1/availableProjects pageSize=100
[debug] [2021-01-29T16:44:27.636Z] <<< [apiv2][status] GET https://firebase.googleapis.com/v1beta1/availableProjects 200
[debug] [2021-01-29T16:44:27.636Z] <<< [apiv2][body] GET https://firebase.googleapis.com/v1beta1/availableProjects [omitted]
